
Empleado: Anna, Habilidades: 
	Habilidad: C++ Nivel: 2


Empleado: Bob, Habilidades: 
	Habilidad: HTML Nivel: 5
	Habilidad: CSS Nivel: 5


Empleado: Maria, Habilidades: 
	Habilidad: Python Nivel: 3

Proyecto: Logging
Duracion: 5Puntuacion: 10 Deadline: 5
Empleado asignado: 
Empleado: , Habilidades: 
 Rol: 	Habilidad: C++ Nivel: 3


Proyecto: WebServer
Duracion: 7Puntuacion: 10 Deadline: 7
Empleado asignado: 
Empleado: , Habilidades: 
 Rol: 	Habilidad: HTML Nivel: 3

Empleado asignado: 
Empleado: , Habilidades: 
 Rol: 	Habilidad: C++ Nivel: 2


Proyecto: WebChat
Duracion: 10Puntuacion: 20 Deadline: 20
Empleado asignado: 
Empleado: , Habilidades: 
 Rol: 	Habilidad: Python Nivel: 3

Empleado asignado: 
Empleado: , Habilidades: 
 Rol: 	Habilidad: HTML Nivel: 3


